2025-03-31 14:21:35,569 - INFO - Starting ViT training on BloodMNIST
2025-03-31 14:21:35,788 - INFO - Using device: cpu
2025-03-31 14:21:35,788 - INFO - Initializing data loaders...
2025-03-31 14:21:35,788 - ERROR - Training failed: get_dataloaders() got an unexpected keyword argument 'batch_size'
2025-03-31 14:21:35,788 - ERROR - Critical error: get_dataloaders() got an unexpected keyword argument 'batch_size'
2025-03-31 14:30:08,906 - INFO - Starting ViT training on BloodMNIST
2025-03-31 14:30:09,139 - INFO - Using device: cpu
2025-03-31 14:30:09,139 - INFO - Initializing data loaders...
2025-03-31 14:30:09,139 - ERROR - Training failed: get_dataloaders() got an unexpected keyword argument 'batch_size'
2025-03-31 14:30:09,139 - ERROR - Critical error: get_dataloaders() got an unexpected keyword argument 'batch_size'
2025-03-31 14:30:28,172 - INFO - Starting ViT training on BloodMNIST
2025-03-31 14:30:28,326 - INFO - Using device: cpu
2025-03-31 14:30:28,326 - INFO - Initializing data loaders...
2025-03-31 14:30:41,305 - ERROR - Training failed: too many values to unpack (expected 2)
2025-03-31 14:30:41,305 - ERROR - Critical error: too many values to unpack (expected 2)
2025-03-31 15:28:35,715 - INFO - Starting BloodMNIST ViT Training Pipeline
2025-03-31 15:28:36,047 - INFO - Using device: cpu
2025-03-31 15:28:36,047 - INFO - Initializing data pipelines...
2025-03-31 15:28:36,904 - INFO - Building Vision Transformer...
2025-03-31 15:28:37,098 - INFO - Beginning training process...
2025-03-31 15:28:37,098 - INFO - Starting training...
2025-03-31 15:28:39,962 - ERROR - Training failed: Module [InputEmbedding] is missing the required "forward" function
2025-03-31 15:28:39,962 - ERROR - Main execution failed: Module [InputEmbedding] is missing the required "forward" function
2025-03-31 16:48:33,911 - INFO - Starting BloodMNIST ViT Training Pipeline
2025-03-31 16:48:34,095 - INFO - Using device: cpu
2025-03-31 16:48:34,095 - INFO - Initializing data pipelines...
2025-03-31 16:48:34,524 - INFO - Building Vision Transformer...
2025-03-31 16:48:34,602 - INFO - Beginning training process...
2025-03-31 16:48:34,602 - INFO - Starting training...
2025-03-31 16:48:35,271 - ERROR - Training failed: 0D or 1D target tensor expected, multi-target not supported
2025-03-31 16:48:35,271 - ERROR - Main execution failed: 0D or 1D target tensor expected, multi-target not supported
2025-03-31 17:00:09,155 - INFO - Starting BloodMNIST ViT Training Pipeline
2025-03-31 17:00:09,301 - INFO - Using device: cpu
2025-03-31 17:00:09,301 - INFO - Initializing data pipelines...
2025-03-31 17:00:09,945 - INFO - Building Vision Transformer...
2025-03-31 17:00:09,991 - INFO - Beginning training process...
2025-03-31 17:00:09,992 - INFO - Starting training...
2025-03-31 17:01:35,582 - INFO - Epoch 1 - Train Loss: 1.3363
2025-03-31 17:01:45,160 - ERROR - Training failed: No module named 'evaluation'
2025-03-31 17:01:45,160 - ERROR - Main execution failed: No module named 'evaluation'
2025-04-01 10:09:26,998 - INFO - Starting BloodMNIST ViT Training Pipeline
2025-04-01 10:09:27,447 - INFO - Using device: cpu
2025-04-01 10:09:27,448 - INFO - Initializing data pipelines...
2025-04-01 10:09:29,705 - INFO - Building Vision Transformer...
2025-04-01 10:09:29,851 - INFO - Beginning training process...
2025-04-01 10:09:29,851 - INFO - Starting training...
2025-04-01 10:11:33,902 - INFO - Epoch 1 - Train Loss: 1.3288
2025-04-01 10:11:41,518 - ERROR - Training failed: No module named 'evaluation'
2025-04-01 10:11:41,518 - ERROR - Main execution failed: No module named 'evaluation'
2025-04-01 10:14:44,022 - INFO - Starting BloodMNIST ViT Training Pipeline
2025-04-01 10:14:44,180 - INFO - Using device: cpu
2025-04-01 10:14:44,180 - INFO - Initializing data pipelines...
2025-04-01 10:14:44,761 - INFO - Building Vision Transformer...
2025-04-01 10:14:44,805 - INFO - Beginning training process...
2025-04-01 10:14:44,805 - INFO - Starting training...
2025-04-01 10:16:10,930 - INFO - Epoch 1 - Train Loss: 1.3021
2025-04-01 10:16:18,643 - ERROR - Training failed: name 'metrics' is not defined
2025-04-01 10:16:18,644 - ERROR - Main execution failed: name 'metrics' is not defined
2025-04-01 10:24:16,526 - INFO - Starting BloodMNIST ViT Training Pipeline
2025-04-01 10:24:16,687 - INFO - Using device: cpu
2025-04-01 10:24:16,687 - INFO - Initializing data pipelines...
2025-04-01 10:24:17,284 - INFO - Building Vision Transformer...
2025-04-01 10:24:17,333 - INFO - Beginning training process...
2025-04-01 10:24:17,333 - INFO - Starting training...
2025-04-01 10:26:07,464 - INFO - Epoch 1 - Train Loss: 1.3730
2025-04-01 10:26:11,070 - ERROR - Training failed: 'Tensor' object has no attribute 'extend'
2025-04-01 10:26:11,082 - ERROR - Main execution failed: 'Tensor' object has no attribute 'extend'
2025-04-01 10:30:09,243 - INFO - Starting BloodMNIST ViT Training Pipeline
2025-04-01 10:30:09,379 - INFO - Using device: cpu
2025-04-01 10:30:09,379 - INFO - Initializing data pipelines...
2025-04-01 10:30:10,096 - INFO - Building Vision Transformer...
2025-04-01 10:30:10,139 - INFO - Beginning training process...
2025-04-01 10:30:10,140 - INFO - Starting training...
2025-04-01 10:31:42,369 - INFO - Epoch 1 - Train Loss: 1.3669
2025-04-01 10:31:43,232 - ERROR - Training failed: 'Tensor' object has no attribute 'extend'
2025-04-01 10:31:43,232 - ERROR - Main execution failed: 'Tensor' object has no attribute 'extend'
2025-04-01 10:39:21,979 - INFO - Starting BloodMNIST ViT Training Pipeline
2025-04-01 10:39:22,381 - INFO - Using device: cpu
2025-04-01 10:39:22,381 - INFO - Initializing data pipelines...
2025-04-01 10:39:23,407 - INFO - Building Vision Transformer...
2025-04-01 10:39:23,450 - INFO - Beginning training process...
2025-04-01 10:39:23,450 - INFO - Starting training...
2025-04-01 10:40:54,129 - INFO - Epoch 1 - Train Loss: 1.3175
2025-04-01 10:41:01,052 - ERROR - Training failed: name 'roc_auc_score' is not defined
2025-04-01 10:41:01,052 - ERROR - Main execution failed: name 'roc_auc_score' is not defined
2025-04-01 10:53:40,367 - INFO - Starting BloodMNIST ViT Training Pipeline
2025-04-01 10:53:40,554 - INFO - Using device: cpu
2025-04-01 10:53:40,554 - INFO - Initializing data pipelines...
2025-04-01 10:53:41,215 - INFO - Building Vision Transformer...
2025-04-01 10:53:41,260 - INFO - Beginning training process...
2025-04-01 10:53:41,260 - INFO - Starting training...
2025-04-01 10:55:03,380 - INFO - Epoch 1 - Train Loss: 1.2815
2025-04-01 10:55:10,972 - ERROR - Training failed: tuple indices must be integers or slices, not str
2025-04-01 10:55:10,972 - ERROR - Main execution failed: tuple indices must be integers or slices, not str
2025-04-01 11:01:12,521 - INFO - Starting BloodMNIST ViT Training Pipeline
2025-04-01 11:01:12,679 - INFO - Using device: cpu
2025-04-01 11:01:12,679 - INFO - Initializing data pipelines...
2025-04-01 11:01:13,345 - INFO - Building Vision Transformer...
2025-04-01 11:01:13,386 - INFO - Beginning training process...
2025-04-01 11:01:13,386 - INFO - Starting training...
2025-04-01 11:02:38,212 - INFO - Epoch 1 - Train Loss: 1.3812
2025-04-01 11:02:44,849 - INFO - TEST  AUC: 0.927  ACC: 0.643
2025-04-01 11:02:44,910 - INFO - New best model saved with AUC: 0.927, ACC: 0.643
2025-04-01 11:04:14,327 - INFO - Epoch 2 - Train Loss: 0.8240
2025-04-01 11:04:22,497 - INFO - TEST  AUC: 0.959  ACC: 0.713
2025-04-01 11:04:22,595 - INFO - New best model saved with AUC: 0.959, ACC: 0.713
2025-04-01 11:05:56,681 - INFO - Epoch 3 - Train Loss: 0.6559
2025-04-01 11:06:07,347 - INFO - TEST  AUC: 0.965  ACC: 0.761
2025-04-01 11:06:07,412 - INFO - New best model saved with AUC: 0.965, ACC: 0.761
2025-04-01 11:07:44,142 - INFO - Epoch 4 - Train Loss: 0.5839
2025-04-01 11:07:52,353 - INFO - TEST  AUC: 0.971  ACC: 0.787
2025-04-01 11:07:52,433 - INFO - New best model saved with AUC: 0.971, ACC: 0.787
2025-04-01 11:09:30,818 - INFO - Epoch 5 - Train Loss: 0.5463
2025-04-01 11:09:38,919 - INFO - TEST  AUC: 0.977  ACC: 0.823
2025-04-01 11:09:38,997 - INFO - New best model saved with AUC: 0.977, ACC: 0.823
2025-04-01 11:11:13,410 - INFO - Epoch 6 - Train Loss: 0.4966
2025-04-01 11:11:21,535 - INFO - TEST  AUC: 0.975  ACC: 0.807
2025-04-01 11:12:57,138 - INFO - Epoch 7 - Train Loss: 0.4780
2025-04-01 11:13:05,046 - INFO - TEST  AUC: 0.981  ACC: 0.841
2025-04-01 11:13:05,117 - INFO - New best model saved with AUC: 0.981, ACC: 0.841
2025-04-01 11:13:20,767 - WARNING - Training interrupted by user
2025-04-01 11:13:20,778 - INFO - Training process completed successfully
2025-04-01 11:17:37,069 - INFO - Starting BloodMNIST ViT Training Pipeline
2025-04-01 11:17:37,206 - INFO - Using device: cpu
2025-04-01 11:17:37,206 - INFO - Initializing data pipelines...
2025-04-01 11:17:38,125 - INFO - Building Vision Transformer...
2025-04-01 11:17:38,125 - ERROR - Main execution failed: name 'num_patches' is not defined
2025-04-01 11:19:46,619 - INFO - Starting BloodMNIST ViT Training Pipeline
2025-04-01 11:19:46,706 - INFO - Using device: cpu
2025-04-01 11:19:46,706 - INFO - Initializing data pipelines...
2025-04-01 11:19:47,198 - INFO - Building Vision Transformer...
2025-04-01 11:19:47,244 - INFO - Beginning training process...
2025-04-01 11:19:47,244 - INFO - Starting training...
2025-04-01 11:19:47,585 - ERROR - Training failed: name 'train_dataset' is not defined
2025-04-01 11:19:47,585 - ERROR - Main execution failed: name 'train_dataset' is not defined
2025-04-01 11:22:46,476 - INFO - Starting BloodMNIST ViT Training Pipeline
2025-04-01 11:22:46,571 - INFO - Using device: cpu
2025-04-01 11:22:46,572 - INFO - Initializing data pipelines...
2025-04-01 11:22:47,099 - INFO - Building Vision Transformer...
2025-04-01 11:22:47,148 - INFO - Beginning training process...
2025-04-01 11:22:47,149 - INFO - Starting training...
2025-04-01 11:24:09,381 - INFO - Epoch 1 - Train Loss: 1.3761
2025-04-01 11:24:17,298 - INFO - TEST  AUC: 0.901  ACC: 0.516
2025-04-01 11:24:17,456 - INFO - New best model saved with AUC: 0.901, ACC: 0.516
2025-04-01 11:25:50,122 - INFO - Epoch 2 - Train Loss: 0.7961
2025-04-01 11:25:53,111 - WARNING - Training interrupted by user
2025-04-01 11:25:53,228 - INFO - Training process completed successfully
2025-04-01 12:57:26,614 - INFO - Starting BloodMNIST ViT Training Pipeline
2025-04-01 12:57:26,847 - INFO - Using device: cpu
2025-04-01 12:57:26,847 - INFO - Initializing data pipelines...
2025-04-01 12:57:27,537 - INFO - Building Vision Transformer...
2025-04-01 12:57:27,580 - INFO - Beginning training process...
2025-04-01 12:57:27,580 - INFO - Starting training...
2025-04-01 12:58:53,775 - INFO - Epoch 1 - Train Loss: 1.4095
2025-04-01 12:59:02,219 - INFO - TEST  AUC: 0.927  ACC: 0.611
2025-04-01 12:59:02,323 - INFO - New best model saved with AUC: 0.927, ACC: 0.611
2025-04-01 13:00:41,323 - INFO - Epoch 2 - Train Loss: 0.8292
2025-04-01 13:00:49,438 - INFO - TEST  AUC: 0.961  ACC: 0.769
2025-04-01 13:00:49,531 - INFO - New best model saved with AUC: 0.961, ACC: 0.769
2025-04-01 13:02:18,396 - INFO - Epoch 3 - Train Loss: 0.6422
2025-04-01 13:02:26,095 - INFO - TEST  AUC: 0.969  ACC: 0.798
2025-04-01 13:02:26,233 - INFO - New best model saved with AUC: 0.969, ACC: 0.798
2025-04-01 13:02:42,360 - WARNING - Training interrupted by user
2025-04-01 13:02:42,367 - INFO - Training process completed successfully
